::1 - - [03/Aug/2015:12:23:20 +0600] "GET / HTTP/1.1" 200 323 0.0045
::1 - - [03/Aug/2015:12:23:28 +0600] "GET / HTTP/1.1" 200 323 0.0009
::1 - - [03/Aug/2015:12:23:37 +0600] "GET /ping HTTP/1.1" 200 63 0.0011
::1 - - [03/Aug/2015:13:10:05 +0600] "GET / HTTP/1.1" 200 1209 0.0044
::1 - - [03/Aug/2015:13:12:09 +0600] "GET / HTTP/1.1" 200 1358 0.0044
::1 - - [03/Aug/2015:13:25:22 +0600] "GET /voucher_eligible HTTP/1.1" 404 478 0.0031
::1 - - [03/Aug/2015:13:25:23 +0600] "GET /__sinatra__/404.png HTTP/1.1" 304 - 0.0006
::1 - - [03/Aug/2015:13:29:16 +0600] "GET / HTTP/1.1" 200 1358 0.0089
::1 - - [03/Aug/2015:13:29:27 +0600] "POST /voucher_eligible HTTP/1.1" 200 420 0.0012
::1 - - [03/Aug/2015:13:31:46 +0600] "GET / HTTP/1.1" 200 1358 0.0042
::1 - - [03/Aug/2015:13:31:58 +0600] "POST /voucher_eligible HTTP/1.1" 200 620 0.0013
::1 - - [03/Aug/2015:13:34:22 +0600] "GET / HTTP/1.1" 200 1358 0.0031
::1 - - [03/Aug/2015:13:36:08 +0600] "GET / HTTP/1.1" 200 1358 0.0040
::1 - - [03/Aug/2015:13:36:33 +0600] "POST /voucher_eligible HTTP/1.1" 200 662 0.0010
::1 - - [03/Aug/2015:13:43:43 +0600] "GET / HTTP/1.1" 200 1358 0.0044
::1 - - [03/Aug/2015:13:43:50 +0600] "POST /voucher_eligible HTTP/1.1" 200 662 1.1273
::1 - - [03/Aug/2015:13:43:56 +0600] "POST /voucher_eligible HTTP/1.1" 200 662 1.1367
::1 - - [03/Aug/2015:13:48:35 +0600] "POST /voucher_eligible HTTP/1.1" 200 662 1.1322
::1 - - [03/Aug/2015:13:54:29 +0600] "GET / HTTP/1.1" 200 1249 0.0013
::1 - - [03/Aug/2015:13:58:51 +0600] "POST /voucher_eligible HTTP/1.1" 200 - 1.1494
::1 - - [03/Aug/2015:13:59:39 +0600] "GET / HTTP/1.1" 200 1249 0.0049
::1 - - [03/Aug/2015:14:00:36 +0600] "GET / HTTP/1.1" 200 1269 0.0068
::1 - - [03/Aug/2015:14:01:02 +0600] "GET / HTTP/1.1" 200 1277 0.0060
::1 - - [03/Aug/2015:14:02:42 +0600] "GET / HTTP/1.1" 200 1249 0.0043
::1 - - [03/Aug/2015:14:02:49 +0600] "POST /voucher_eligible HTTP/1.1" 200 - 1.0792
::1 - - [03/Aug/2015:14:05:22 +0600] "GET / HTTP/1.1" 200 1265 0.0074
::1 - - [03/Aug/2015:14:07:50 +0600] "GET / HTTP/1.1" 200 1284 0.0046
::1 - - [03/Aug/2015:14:42:16 +0600] "GET / HTTP/1.1" 200 1285 0.0014
::1 - - [03/Aug/2015:14:42:36 +0600] "POST /voucher_eligible HTTP/1.1" 200 - 1.1345
::1 - - [03/Aug/2015:14:44:03 +0600] "GET / HTTP/1.1" 200 1296 0.0106
::1 - - [03/Aug/2015:14:44:25 +0600] "POST /voucher_eligible HTTP/1.1" 200 - 1.1597
::1 - - [03/Aug/2015:14:48:27 +0600] "POST /voucher_eligible HTTP/1.1" 200 - 1.1377
::1 - - [03/Aug/2015:14:48:28 +0600] "GET / HTTP/1.1" 200 993 0.0031
::1 - - [03/Aug/2015:14:56:37 +0600] "POST /voucher_eligible HTTP/1.1" 200 - 1.1423
::1 - - [03/Aug/2015:15:07:53 +0600] "POST /voucher_eligible HTTP/1.1" 401 14 0.0232
::1 - - [03/Aug/2015:15:07:59 +0600] "POST /voucher_eligible HTTP/1.1" 401 14 0.0004
::1 - - [03/Aug/2015:15:09:44 +0600] "POST /voucher_eligible HTTP/1.1" 200 - 1.1741
::1 - - [03/Aug/2015:15:09:49 +0600] "GET / HTTP/1.1" 200 993 0.0026
::1 - - [03/Aug/2015:15:24:28 +0600] "POST /voucher_eligible HTTP/1.1" 200 - 1.0733
::1 - - [03/Aug/2015:15:44:44 +0600] "POST /voucher_eligible HTTP/1.1" 200 - 1.1813
::1 - - [03/Aug/2015:15:51:22 +0600] "POST /voucher_eligible HTTP/1.1" 200 - 2.0825
::1 - - [03/Aug/2015:15:52:34 +0600] "POST /voucher_eligible HTTP/1.1" 200 - 1.2839
::1 - - [03/Aug/2015:15:58:44 +0600] "GET / HTTP/1.1" 200 993 0.0050
::1 - - [03/Aug/2015:15:59:32 +0600] "GET / HTTP/1.1" 200 993 0.0012
::1 - - [03/Aug/2015:16:05:59 +0600] "POST /voucher_eligible HTTP/1.1" 200 - 1.1367
